<?xml version="1.0" encoding="UTF-8"?>
<!-- Generated by org.testng.reporters.JUnitReportReporter -->
<testsuite hostname="DESKTOP-I73UVPN" name="ie.murph.testautomationu.webdriver_automation.slider.HorizontalSliderTest" tests="3" failures="0" timestamp="16 Feb 2020 23:31:24 GMT" time="1.708" errors="0">
  <testcase name="sliderTest" time="1.082" classname="ie.murph.testautomationu.webdriver_automation.slider.HorizontalSliderTest"/>
  <testcase name="sliderZeroResetTest" time="0.021" classname="ie.murph.testautomationu.webdriver_automation.slider.HorizontalSliderTest"/>
  <testcase name="testSlideToWholeNumber" time="0.605" classname="ie.murph.testautomationu.webdriver_automation.slider.HorizontalSliderTest"/>
</testsuite> <!-- ie.murph.testautomationu.webdriver_automation.slider.HorizontalSliderTest -->
