<?xml version="1.0" encoding="UTF-8"?>
<!-- Generated by org.testng.reporters.JUnitReportReporter -->
<testsuite hostname="DESKTOP-I73UVPN" name="ie.murph.testautomationu.webdriver_automation.keypress.KeyPressTest" tests="1" failures="0" timestamp="19 Jan 2020 21:07:07 GMT" time="0.151" errors="0">
  <testcase name="backSpaceTest" time="0.151" classname="ie.murph.testautomationu.webdriver_automation.keypress.KeyPressTest"/>
</testsuite> <!-- ie.murph.testautomationu.webdriver_automation.keypress.KeyPressTest -->
