<?xml version="1.0" encoding="UTF-8"?>
<!-- Generated by org.testng.reporters.JUnitReportReporter -->
<testsuite hostname="DESKTOP-I73UVPN" name="ie.murph.testautomationu.webdriver_automation.dropdown.DropdownTest" tests="2" failures="0" timestamp="12 Jan 2020 21:29:30 GMT" time="0.390" errors="0">
  <testcase name="selectedOptionTest" time="0.133" classname="ie.murph.testautomationu.webdriver_automation.dropdown.DropdownTest"/>
  <testcase name="isSelectedOptionTest" time="0.257" classname="ie.murph.testautomationu.webdriver_automation.dropdown.DropdownTest"/>
</testsuite> <!-- ie.murph.testautomationu.webdriver_automation.dropdown.DropdownTest -->
