<?xml version="1.0" encoding="UTF-8"?>
<!-- Generated by org.testng.reporters.JUnitReportReporter -->
<testsuite hostname="DESKTOP-I73UVPN" name="ie.murph.testautomationu.webdriver_automation.alert.JavaScriptAlertTest" tests="1" failures="0" timestamp="18 Feb 2020 23:17:37 GMT" time="0.160" errors="0">
  <testcase name="javascriptAlertTest" time="0.160" classname="ie.murph.testautomationu.webdriver_automation.alert.JavaScriptAlertTest"/>
</testsuite> <!-- ie.murph.testautomationu.webdriver_automation.alert.JavaScriptAlertTest -->
