<?xml version="1.0" encoding="UTF-8"?>
<!-- Generated by org.testng.reporters.JUnitReportReporter -->
<testsuite hostname="DESKTOP-I73UVPN" name="ie.murph.testautomationu.webdriver_automation.keypress.KeyPressTest" tests="2" failures="0" timestamp="19 Jan 2020 21:26:18 GMT" time="0.224" errors="0">
  <testcase name="pieTest" time="0.078" classname="ie.murph.testautomationu.webdriver_automation.keypress.KeyPressTest"/>
  <testcase name="backSpaceTest" time="0.146" classname="ie.murph.testautomationu.webdriver_automation.keypress.KeyPressTest"/>
</testsuite> <!-- ie.murph.testautomationu.webdriver_automation.keypress.KeyPressTest -->
