<?xml version="1.0" encoding="UTF-8"?>
<!-- Generated by org.testng.reporters.JUnitReportReporter -->
<testsuite hostname="DESKTOP-I73UVPN" name="ie.murph.testautomationu.webdriver_automation.login.LoginTest" tests="1" failures="0" timestamp="9 Jan 2020 22:21:21 GMT" time="1.316" errors="0">
  <testcase name="successfulLoginTest" time="1.316" classname="ie.murph.testautomationu.webdriver_automation.login.LoginTest"/>
</testsuite> <!-- ie.murph.testautomationu.webdriver_automation.login.LoginTest -->
