<?xml version="1.0" encoding="UTF-8"?>
<!-- Generated by org.testng.reporters.JUnitReportReporter -->
<testsuite hostname="DESKTOP-I73UVPN" name="ie.murph.testautomationu.webdriver_automation.dropdown.DropdownTest" tests="1" failures="0" timestamp="9 Jan 2020 22:30:52 GMT" time="0.602" errors="0">
  <testcase name="isSelectedOptionTest" time="0.602" classname="ie.murph.testautomationu.webdriver_automation.dropdown.DropdownTest"/>
</testsuite> <!-- ie.murph.testautomationu.webdriver_automation.dropdown.DropdownTest -->
