<?xml version="1.0" encoding="UTF-8"?>
<!-- Generated by org.testng.reporters.JUnitReportReporter -->
<testsuite hostname="DESKTOP-I73UVPN" name="ie.murph.testautomationu.webdriver_automation.hover.HoverTest" tests="5" failures="0" timestamp="15 Jan 2020 22:26:39 GMT" time="1.207" errors="0">
  <testcase name="checkTitleHoverUserOneTest" time="0.219" classname="ie.murph.testautomationu.webdriver_automation.hover.HoverTest"/>
  <testcase name="isAnchorUrlContainsHoverUserOneTest" time="0.247" classname="ie.murph.testautomationu.webdriver_automation.hover.HoverTest"/>
  <testcase name="isAnchorUrlEndsWithHoverUserOneTest" time="0.265" classname="ie.murph.testautomationu.webdriver_automation.hover.HoverTest"/>
  <testcase name="ishoverUserOneTest" time="0.238" classname="ie.murph.testautomationu.webdriver_automation.hover.HoverTest"/>
  <testcase name="checkAnchorLinkTextHoverUserOneTest" time="0.238" classname="ie.murph.testautomationu.webdriver_automation.hover.HoverTest"/>
</testsuite> <!-- ie.murph.testautomationu.webdriver_automation.hover.HoverTest -->
