<?xml version="1.0" encoding="UTF-8"?>
<!-- Generated by org.testng.reporters.JUnitReportReporter -->
<testsuite hostname="DESKTOP-I73UVPN" name="ie.murph.testautomationu.webdriver_automation.hover.HoverTest" tests="1" failures="0" timestamp="14 Jan 2020 22:33:32 GMT" time="0.889" errors="0">
  <testcase name="hoverUserOneTest" time="0.889" classname="ie.murph.testautomationu.webdriver_automation.hover.HoverTest"/>
</testsuite> <!-- ie.murph.testautomationu.webdriver_automation.hover.HoverTest -->
