<?xml version="1.0" encoding="UTF-8"?>
<!-- Generated by org.testng.reporters.JUnitReportReporter -->
<testsuite hostname="DESKTOP-I73UVPN" name="ie.murph.testautomationu.webdriver_automation.alert.JavaScriptAlertTest" tests="2" failures="0" timestamp="24 Feb 2020 23:01:57 GMT" time="0.228" errors="0">
  <testcase name="javascriptAlertTest" time="0.140" classname="ie.murph.testautomationu.webdriver_automation.alert.JavaScriptAlertTest"/>
  <testcase name="javascriptConfrimTest" time="0.088" classname="ie.murph.testautomationu.webdriver_automation.alert.JavaScriptAlertTest"/>
</testsuite> <!-- ie.murph.testautomationu.webdriver_automation.alert.JavaScriptAlertTest -->
