<?xml version="1.0" encoding="UTF-8"?>
<!-- Generated by org.testng.reporters.JUnitReportReporter -->
<testsuite hostname="DESKTOP-I73UVPN" name="ie.murph.testautomationu.webdriver_automation.login.LoginTest" tests="1" failures="0" timestamp="4 Jan 2020 17:21:54 GMT" time="1.308" errors="0">
  <testcase name="successfulLoginTest" time="1.308" classname="ie.murph.testautomationu.webdriver_automation.login.LoginTest"/>
</testsuite> <!-- ie.murph.testautomationu.webdriver_automation.login.LoginTest -->
