<?xml version="1.0" encoding="UTF-8"?>
<!-- Generated by org.testng.reporters.JUnitReportReporter -->
<testsuite hostname="DESKTOP-I73UVPN" name="ie.murph.testautomationu.webdriver_automation.alert.JavaScriptAlertTest" tests="3" failures="0" timestamp="27 Feb 2020 23:09:01 GMT" time="0.373" errors="0">
  <testcase name="javascriptAlertTest" time="0.145" classname="ie.murph.testautomationu.webdriver_automation.alert.JavaScriptAlertTest"/>
  <testcase name="javascriptConfrimTest" time="0.101" classname="ie.murph.testautomationu.webdriver_automation.alert.JavaScriptAlertTest"/>
  <testcase name="javascriptPromptTest" time="0.127" classname="ie.murph.testautomationu.webdriver_automation.alert.JavaScriptAlertTest"/>
</testsuite> <!-- ie.murph.testautomationu.webdriver_automation.alert.JavaScriptAlertTest -->
